<?xml version="1.0" encoding="UTF-8"?>
<Site BuildName="(empty)"
	BuildStamp="20240917-1442-Experimental"
	Name="dicksonmassawe"
	Generator="ctest-3.16.3"
	CompilerName="/usr/bin/g++"
	CompilerVersion="9.4.0"
	OSName="Linux"
	Hostname="dicksonmassawe"
	OSRelease="5.15.0-121-generic"
	OSVersion="#131~20.04.1-Ubuntu SMP Mon Aug 12 13:09:56 UTC 2024"
	OSPlatform="x86_64"
	Is64Bits="1"
	VendorString="GenuineIntel"
	VendorID="Intel Corporation"
	FamilyID="6"
	ModelID="165"
	ProcessorCacheSize="8192"
	NumberOfLogicalCPU="8"
	NumberOfPhysicalCPU="4"
	TotalVirtualMemory="2047"
	TotalPhysicalMemory="64094"
	LogicalProcessorsPerPhysical="2"
	ProcessorClockFrequency="2094.25"
	>
	<Testing>
		<StartDateTime>Sep 17 17:42 EAT</StartDateTime>
		<StartTestTime>1726584153</StartTestTime>
		<TestList/>
		<EndDateTime>Sep 17 17:42 EAT</EndDateTime>
		<EndTestTime>1726584153</EndTestTime>
		<ElapsedMinutes>0</ElapsedMinutes>
	</Testing>
</Site>
